[debug] [2024-12-07T17:08:41.832Z] ----------------------------------------------------------------------
[debug] [2024-12-07T17:08:41.838Z] Command:       C:\Program Files\nodejs\node.exe C:\Users\Mohammed3\AppData\Roaming\npm\node_modules\firebase-tools\lib\bin\firebase.js init
[debug] [2024-12-07T17:08:41.839Z] CLI Version:   13.28.0
[debug] [2024-12-07T17:08:41.840Z] Platform:      win32
[debug] [2024-12-07T17:08:41.840Z] Node Version:  v22.12.0
[debug] [2024-12-07T17:08:41.841Z] Time:          Sat Dec 07 2024 18:08:41 GMT+0100 (Midden-Europese standaardtijd)
[debug] [2024-12-07T17:08:41.841Z] ----------------------------------------------------------------------
[debug] 
[debug] [2024-12-07T17:08:41.854Z] > command requires scopes: ["email","openid","https://www.googleapis.com/auth/cloudplatformprojects.readonly","https://www.googleapis.com/auth/firebase","https://www.googleapis.com/auth/cloud-platform"]
[debug] [2024-12-07T17:08:41.854Z] > authorizing via signed-in user (tcookdub5@gmail.com)
[info] 
     ######## #### ########  ######## ########     ###     ######  ########
     ##        ##  ##     ## ##       ##     ##  ##   ##  ##       ##
     ######    ##  ########  ######   ########  #########  ######  ######
     ##        ##  ##    ##  ##       ##     ## ##     ##       ## ##
     ##       #### ##     ## ######## ########  ##     ##  ######  ########

You're about to initialize a Firebase project in this directory:

  c:\Users\Mohammed3\clever

[info] 
=== Project Setup
[info] 
[info] First, let's associate this project directory with a Firebase project.
[info] You can create multiple project aliases by running firebase use --add, 
[info] but for now we'll just set up a default project.
[info] 
[debug] [2024-12-07T17:09:03.787Z] Checked if tokens are valid: true, expires at: 1733593797330
[debug] [2024-12-07T17:09:03.788Z] Checked if tokens are valid: true, expires at: 1733593797330
[debug] [2024-12-07T17:09:03.790Z] >>> [apiv2][query] GET https://firebase.googleapis.com/v1beta1/projects pageSize=100
[debug] [2024-12-07T17:09:04.362Z] <<< [apiv2][status] GET https://firebase.googleapis.com/v1beta1/projects 200
[debug] [2024-12-07T17:09:04.363Z] <<< [apiv2][body] GET https://firebase.googleapis.com/v1beta1/projects [omitted]
[info] i  Using project clever-by-dub5 (Clever) 
[info] 
=== Firestore Setup
[debug] [2024-12-07T17:09:11.847Z] Checked if tokens are valid: true, expires at: 1733593797330
[debug] [2024-12-07T17:09:11.847Z] Checked if tokens are valid: true, expires at: 1733593797330
[debug] [2024-12-07T17:09:11.847Z] >>> [apiv2][query] GET https://serviceusage.googleapis.com/v1/projects/clever-by-dub5/services/firestore.googleapis.com [none]
[debug] [2024-12-07T17:09:11.847Z] >>> [apiv2][(partial)header] GET https://serviceusage.googleapis.com/v1/projects/clever-by-dub5/services/firestore.googleapis.com x-goog-quota-user=projects/clever-by-dub5
[debug] [2024-12-07T17:09:12.680Z] <<< [apiv2][status] GET https://serviceusage.googleapis.com/v1/projects/clever-by-dub5/services/firestore.googleapis.com 200
[debug] [2024-12-07T17:09:12.681Z] <<< [apiv2][body] GET https://serviceusage.googleapis.com/v1/projects/clever-by-dub5/services/firestore.googleapis.com [omitted]
[debug] [2024-12-07T17:09:12.682Z] Checked if tokens are valid: true, expires at: 1733593797330
[debug] [2024-12-07T17:09:12.683Z] Checked if tokens are valid: true, expires at: 1733593797330
[debug] [2024-12-07T17:09:12.683Z] >>> [apiv2][query] GET https://firestore.googleapis.com/v1/projects/clever-by-dub5/databases/(default) [none]
[debug] [2024-12-07T17:09:13.403Z] <<< [apiv2][status] GET https://firestore.googleapis.com/v1/projects/clever-by-dub5/databases/(default) 200
[debug] [2024-12-07T17:09:13.404Z] <<< [apiv2][body] GET https://firestore.googleapis.com/v1/projects/clever-by-dub5/databases/(default) {"name":"projects/clever-by-dub5/databases/(default)","uid":"74fc0537-9631-47e2-9d7e-f921e27f426c","createTime":"2024-12-07T17:07:27.928490Z","updateTime":"2024-12-07T17:07:27.928490Z","locationId":"nam5","type":"FIRESTORE_NATIVE","concurrencyMode":"PESSIMISTIC","versionRetentionPeriod":"3600s","earliestVersionTime":"2024-12-07T17:07:27.928490Z","appEngineIntegrationMode":"DISABLED","keyPrefix":"s","pointInTimeRecoveryEnablement":"POINT_IN_TIME_RECOVERY_DISABLED","deleteProtectionState":"DELETE_PROTECTION_DISABLED","etag":"IJawtYaTlooDMKr5ktSSlooD"}
[debug] [2024-12-07T17:09:13.404Z] database_type: FIRESTORE_NATIVE
[debug] [2024-12-07T17:09:13.405Z] database_type: FIRESTORE_NATIVE
[debug] [2024-12-07T17:09:13.406Z] > command requires scopes: ["email","openid","https://www.googleapis.com/auth/cloudplatformprojects.readonly","https://www.googleapis.com/auth/firebase","https://www.googleapis.com/auth/cloud-platform"]
[debug] [2024-12-07T17:09:13.407Z] > authorizing via signed-in user (tcookdub5@gmail.com)
[debug] [2024-12-07T17:09:13.407Z] [iam] checking project clever-by-dub5 for permissions ["firebase.projects.get"]
[debug] [2024-12-07T17:09:13.409Z] Checked if tokens are valid: true, expires at: 1733593797330
[debug] [2024-12-07T17:09:13.409Z] Checked if tokens are valid: true, expires at: 1733593797330
[debug] [2024-12-07T17:09:13.409Z] >>> [apiv2][query] POST https://cloudresourcemanager.googleapis.com/v1/projects/clever-by-dub5:testIamPermissions [none]
[debug] [2024-12-07T17:09:13.410Z] >>> [apiv2][(partial)header] POST https://cloudresourcemanager.googleapis.com/v1/projects/clever-by-dub5:testIamPermissions x-goog-quota-user=projects/clever-by-dub5
[debug] [2024-12-07T17:09:13.410Z] >>> [apiv2][body] POST https://cloudresourcemanager.googleapis.com/v1/projects/clever-by-dub5:testIamPermissions {"permissions":["firebase.projects.get"]}
[debug] [2024-12-07T17:09:14.095Z] <<< [apiv2][status] POST https://cloudresourcemanager.googleapis.com/v1/projects/clever-by-dub5:testIamPermissions 200
[debug] [2024-12-07T17:09:14.096Z] <<< [apiv2][body] POST https://cloudresourcemanager.googleapis.com/v1/projects/clever-by-dub5:testIamPermissions {"permissions":["firebase.projects.get"]}
[info] 
[info] Firestore Security Rules allow you to define how and when to allow
[info] requests. You can keep these rules in your project directory
[info] and publish them with firebase deploy.
[info] 
[debug] [2024-12-07T17:09:40.905Z] Checked if tokens are valid: true, expires at: 1733593797330
[debug] [2024-12-07T17:09:40.905Z] Checked if tokens are valid: true, expires at: 1733593797330
[debug] [2024-12-07T17:09:40.905Z] >>> [apiv2][query] GET https://firebaserules.googleapis.com/v1/projects/clever-by-dub5/releases pageSize=10&pageToken=
[debug] [2024-12-07T17:09:41.629Z] <<< [apiv2][status] GET https://firebaserules.googleapis.com/v1/projects/clever-by-dub5/releases 200
[debug] [2024-12-07T17:09:41.630Z] <<< [apiv2][body] GET https://firebaserules.googleapis.com/v1/projects/clever-by-dub5/releases {"releases":[{"name":"projects/clever-by-dub5/releases/cloud.firestore","rulesetName":"projects/clever-by-dub5/rulesets/a4bcb622-dd2a-40dd-8870-008fe14045f9","createTime":"2024-12-07T17:07:34.380424Z","updateTime":"2024-12-07T17:07:34.380424Z"}]}
[debug] [2024-12-07T17:09:41.630Z] Found ruleset: projects/clever-by-dub5/rulesets/a4bcb622-dd2a-40dd-8870-008fe14045f9
[debug] [2024-12-07T17:09:41.631Z] Checked if tokens are valid: true, expires at: 1733593797330
[debug] [2024-12-07T17:09:41.631Z] Checked if tokens are valid: true, expires at: 1733593797330
[debug] [2024-12-07T17:09:41.632Z] >>> [apiv2][query] GET https://firebaserules.googleapis.com/v1/projects/clever-by-dub5/rulesets/a4bcb622-dd2a-40dd-8870-008fe14045f9 [none]
[debug] [2024-12-07T17:09:42.414Z] <<< [apiv2][status] GET https://firebaserules.googleapis.com/v1/projects/clever-by-dub5/rulesets/a4bcb622-dd2a-40dd-8870-008fe14045f9 200
[debug] [2024-12-07T17:09:42.414Z] <<< [apiv2][body] GET https://firebaserules.googleapis.com/v1/projects/clever-by-dub5/rulesets/a4bcb622-dd2a-40dd-8870-008fe14045f9 [omitted]
[info] 
[info] Firestore indexes allow you to perform complex queries while
[info] maintaining performance that scales with the size of the result
[info] set. You can keep index definitions in your project directory
[info] and publish them with firebase deploy.
[info] 
[debug] [2024-12-07T17:10:20.491Z] Checked if tokens are valid: true, expires at: 1733593797330
[debug] [2024-12-07T17:10:20.492Z] Checked if tokens are valid: true, expires at: 1733593797330
[debug] [2024-12-07T17:10:20.492Z] Checked if tokens are valid: true, expires at: 1733593797330
[debug] [2024-12-07T17:10:20.492Z] Checked if tokens are valid: true, expires at: 1733593797330
[debug] [2024-12-07T17:10:20.492Z] >>> [apiv2][query] GET https://firestore.googleapis.com/v1/projects/clever-by-dub5/databases/(default)/collectionGroups/-/indexes [none]
[debug] [2024-12-07T17:10:20.497Z] >>> [apiv2][query] GET https://firestore.googleapis.com/v1/projects/clever-by-dub5/databases/(default)/collectionGroups/-/fields?filter=indexConfig.usesAncestorConfig=false OR ttlConfig:* [none]
[debug] [2024-12-07T17:10:21.309Z] <<< [apiv2][status] GET https://firestore.googleapis.com/v1/projects/clever-by-dub5/databases/(default)/collectionGroups/-/indexes 200
[debug] [2024-12-07T17:10:21.309Z] <<< [apiv2][body] GET https://firestore.googleapis.com/v1/projects/clever-by-dub5/databases/(default)/collectionGroups/-/indexes {}
[debug] [2024-12-07T17:10:21.461Z] <<< [apiv2][status] GET https://firestore.googleapis.com/v1/projects/clever-by-dub5/databases/(default)/collectionGroups/-/fields?filter=indexConfig.usesAncestorConfig=false OR ttlConfig:* 200
[debug] [2024-12-07T17:10:21.461Z] <<< [apiv2][body] GET https://firestore.googleapis.com/v1/projects/clever-by-dub5/databases/(default)/collectionGroups/-/fields?filter=indexConfig.usesAncestorConfig=false OR ttlConfig:* {"fields":[{"name":"projects/clever-by-dub5/databases/(default)/collectionGroups/__default__/fields/*","indexConfig":{"indexes":[{"queryScope":"COLLECTION","fields":[{"fieldPath":"*","order":"ASCENDING"}],"state":"READY"},{"queryScope":"COLLECTION","fields":[{"fieldPath":"*","order":"DESCENDING"}],"state":"READY"},{"queryScope":"COLLECTION","fields":[{"fieldPath":"*","arrayConfig":"CONTAINS"}],"state":"READY"}]}}]}
[info] 
=== Functions Setup
[debug] [2024-12-07T17:10:21.468Z] > command requires scopes: ["email","openid","https://www.googleapis.com/auth/cloudplatformprojects.readonly","https://www.googleapis.com/auth/firebase","https://www.googleapis.com/auth/cloud-platform"]
[debug] [2024-12-07T17:10:21.469Z] > authorizing via signed-in user (tcookdub5@gmail.com)
[debug] [2024-12-07T17:10:21.469Z] [iam] checking project clever-by-dub5 for permissions ["firebase.projects.get"]
[debug] [2024-12-07T17:10:21.470Z] Checked if tokens are valid: true, expires at: 1733593797330
[debug] [2024-12-07T17:10:21.470Z] Checked if tokens are valid: true, expires at: 1733593797330
[debug] [2024-12-07T17:10:21.471Z] >>> [apiv2][query] POST https://cloudresourcemanager.googleapis.com/v1/projects/clever-by-dub5:testIamPermissions [none]
[debug] [2024-12-07T17:10:21.471Z] >>> [apiv2][(partial)header] POST https://cloudresourcemanager.googleapis.com/v1/projects/clever-by-dub5:testIamPermissions x-goog-quota-user=projects/clever-by-dub5
[debug] [2024-12-07T17:10:21.471Z] >>> [apiv2][body] POST https://cloudresourcemanager.googleapis.com/v1/projects/clever-by-dub5:testIamPermissions {"permissions":["firebase.projects.get"]}
[debug] [2024-12-07T17:10:22.129Z] <<< [apiv2][status] POST https://cloudresourcemanager.googleapis.com/v1/projects/clever-by-dub5:testIamPermissions 200
[debug] [2024-12-07T17:10:22.129Z] <<< [apiv2][body] POST https://cloudresourcemanager.googleapis.com/v1/projects/clever-by-dub5:testIamPermissions {"permissions":["firebase.projects.get"]}
[debug] [2024-12-07T17:10:22.132Z] Checked if tokens are valid: true, expires at: 1733593797330
[debug] [2024-12-07T17:10:22.133Z] Checked if tokens are valid: true, expires at: 1733593797330
[debug] [2024-12-07T17:10:22.134Z] Checked if tokens are valid: true, expires at: 1733593797330
[debug] [2024-12-07T17:10:22.134Z] Checked if tokens are valid: true, expires at: 1733593797330
[debug] [2024-12-07T17:10:22.134Z] >>> [apiv2][query] GET https://serviceusage.googleapis.com/v1/projects/clever-by-dub5/services/cloudfunctions.googleapis.com [none]
[debug] [2024-12-07T17:10:22.135Z] >>> [apiv2][(partial)header] GET https://serviceusage.googleapis.com/v1/projects/clever-by-dub5/services/cloudfunctions.googleapis.com x-goog-quota-user=projects/clever-by-dub5
[debug] [2024-12-07T17:10:22.141Z] >>> [apiv2][query] GET https://serviceusage.googleapis.com/v1/projects/clever-by-dub5/services/runtimeconfig.googleapis.com [none]
[debug] [2024-12-07T17:10:22.142Z] >>> [apiv2][(partial)header] GET https://serviceusage.googleapis.com/v1/projects/clever-by-dub5/services/runtimeconfig.googleapis.com x-goog-quota-user=projects/clever-by-dub5
[debug] [2024-12-07T17:10:22.954Z] <<< [apiv2][status] GET https://serviceusage.googleapis.com/v1/projects/clever-by-dub5/services/runtimeconfig.googleapis.com 200
[debug] [2024-12-07T17:10:22.954Z] <<< [apiv2][body] GET https://serviceusage.googleapis.com/v1/projects/clever-by-dub5/services/runtimeconfig.googleapis.com [omitted]
[debug] [2024-12-07T17:10:22.962Z] <<< [apiv2][status] GET https://serviceusage.googleapis.com/v1/projects/clever-by-dub5/services/cloudfunctions.googleapis.com 200
[debug] [2024-12-07T17:10:22.963Z] <<< [apiv2][body] GET https://serviceusage.googleapis.com/v1/projects/clever-by-dub5/services/cloudfunctions.googleapis.com [omitted]
[debug] [2024-12-07T17:10:22.964Z] Checked if tokens are valid: true, expires at: 1733593797330
[debug] [2024-12-07T17:10:22.964Z] Checked if tokens are valid: true, expires at: 1733593797330
[debug] [2024-12-07T17:10:22.965Z] >>> [apiv2][query] POST https://serviceusage.googleapis.com/v1/projects/clever-by-dub5/services/cloudfunctions.googleapis.com:enable [none]
[debug] [2024-12-07T17:10:22.965Z] >>> [apiv2][(partial)header] POST https://serviceusage.googleapis.com/v1/projects/clever-by-dub5/services/cloudfunctions.googleapis.com:enable x-goog-quota-user=projects/clever-by-dub5
[debug] [2024-12-07T17:10:24.034Z] <<< [apiv2][status] POST https://serviceusage.googleapis.com/v1/projects/clever-by-dub5/services/cloudfunctions.googleapis.com:enable 200
[debug] [2024-12-07T17:10:24.035Z] <<< [apiv2][body] POST https://serviceusage.googleapis.com/v1/projects/clever-by-dub5/services/cloudfunctions.googleapis.com:enable [omitted]
[debug] [2024-12-07T17:10:34.047Z] Checked if tokens are valid: true, expires at: 1733593797330
[debug] [2024-12-07T17:10:34.047Z] Checked if tokens are valid: true, expires at: 1733593797330
[debug] [2024-12-07T17:10:34.048Z] >>> [apiv2][query] GET https://serviceusage.googleapis.com/v1/projects/clever-by-dub5/services/cloudfunctions.googleapis.com [none]
[debug] [2024-12-07T17:10:34.048Z] >>> [apiv2][(partial)header] GET https://serviceusage.googleapis.com/v1/projects/clever-by-dub5/services/cloudfunctions.googleapis.com x-goog-quota-user=projects/clever-by-dub5
[debug] [2024-12-07T17:10:34.880Z] <<< [apiv2][status] GET https://serviceusage.googleapis.com/v1/projects/clever-by-dub5/services/cloudfunctions.googleapis.com 200
[debug] [2024-12-07T17:10:34.880Z] <<< [apiv2][body] GET https://serviceusage.googleapis.com/v1/projects/clever-by-dub5/services/cloudfunctions.googleapis.com [omitted]
[info] Let's create a new codebase for your functions.
[info] A directory corresponding to the codebase will be created in your project
[info] with sample code pre-configured.

[info] See https://firebase.google.com/docs/functions/organize-functions for
[info] more information on organizing your functions using codebases.

[info] Functions can be deployed with firebase deploy.

[info] +  Wrote functions/package.json 
[info] +  Wrote functions/.eslintrc.js 
[info] +  Wrote functions/index.js 
[info] +  Wrote functions/.gitignore 
[info] 
=== Hosting Setup
[debug] [2024-12-07T17:12:13.043Z] Checked if tokens are valid: true, expires at: 1733593797330
[debug] [2024-12-07T17:12:13.044Z] Checked if tokens are valid: true, expires at: 1733593797330
[debug] [2024-12-07T17:12:13.044Z] >>> [apiv2][query] GET https://firebase.googleapis.com/v1beta1/projects/clever-by-dub5 [none]
[debug] [2024-12-07T17:12:13.351Z] <<< [apiv2][status] GET https://firebase.googleapis.com/v1beta1/projects/clever-by-dub5 200
[debug] [2024-12-07T17:12:13.351Z] <<< [apiv2][body] GET https://firebase.googleapis.com/v1beta1/projects/clever-by-dub5 {"projectId":"clever-by-dub5","projectNumber":"441587693949","displayName":"Clever","name":"projects/clever-by-dub5","resources":{"hostingSite":"clever-by-dub5"},"state":"ACTIVE","etag":"1_815b63fd-8542-4522-89ad-f6dcfaf5e764"}
[info] 
[info] Your public directory is the folder (relative to your project directory) that
[info] will contain Hosting assets to be uploaded with firebase deploy. If you
[info] have a build process for your assets, use your build's output directory.
[info] 
[debug] [2024-12-07T17:16:01.863Z] >>> [apiv2][query] GET https://www.gstatic.com/firebasejs/releases.json [none]
[debug] [2024-12-07T17:16:01.937Z] <<< [apiv2][status] GET https://www.gstatic.com/firebasejs/releases.json 200
[debug] [2024-12-07T17:16:01.937Z] <<< [apiv2][body] GET https://www.gstatic.com/firebasejs/releases.json {"current":{"version":"11.0.2","browserURL":"https://www.gstatic.com/firebasejs/11.0.2/firebase.js","packageURL":"https://www.gstatic.com/firebasejs/11.0.2/firebase.tgz"},"live":{"version":"11.0","browserURL":"https://www.gstatic.com/firebasejs/live/11.0/firebase.js","packageURL":"https://www.gstatic.com/firebasejs/live/11.0/firebase.tgz"},"components":{"analytics":"https://www.gstatic.com/firebasejs/11.0.2/firebase-analytics.js","app":"https://www.gstatic.com/firebasejs/11.0.2/firebase-app.js","app-check":"https://www.gstatic.com/firebasejs/11.0.2/firebase-app-check.js","auth":"https://www.gstatic.com/firebasejs/11.0.2/firebase-auth.js","auth/cordova":"https://www.gstatic.com/firebasejs/11.0.2/firebase-auth/cordova.js","auth/web-extension":"https://www.gstatic.com/firebasejs/11.0.2/firebase-auth/web-extension.js","functions":"https://www.gstatic.com/firebasejs/11.0.2/firebase-functions.js","firestore":"https://www.gstatic.com/firebasejs/11.0.2/firebase-firestore.js","firestore/lite":"https://www.gstatic.com/firebasejs/11.0.2/firebase-firestore/lite.js","installations":"https://www.gstatic.com/firebasejs/11.0.2/firebase-installations.js","storage":"https://www.gstatic.com/firebasejs/11.0.2/firebase-storage.js","performance":"https://www.gstatic.com/firebasejs/11.0.2/firebase-performance.js","remote-config":"https://www.gstatic.com/firebasejs/11.0.2/firebase-remote-config.js","messaging":"https://www.gstatic.com/firebasejs/11.0.2/firebase-messaging.js","messaging/sw":"https://www.gstatic.com/firebasejs/11.0.2/firebase-messaging/sw.js","database":"https://www.gstatic.com/firebasejs/11.0.2/firebase-database.js","vertexai":"https://www.gstatic.com/firebasejs/11.0.2/firebase-vertexai.js","data-connect":"https://www.gstatic.com/firebasejs/11.0.2/firebase-data-connect.js","firestore.memory":"https://www.gstatic.com/firebasejs/11.0.2/firebase-firestore.memory.js"}}
[info] +  Wrote public/index.html 
[info] 
[info] i  Didn't detect a .git folder. Assuming c:\Users\Mohammed3\clever is the project root. 
[info] i  Authorizing with GitHub to upload your service account to a GitHub repository's secrets store. 
[info] 
[info] Visit this URL on this device to log in:
[info] https://github.com/login/oauth/authorize?client_id=89cf50f02ac6aaed3484&state=48780026&redirect_uri=http%3A%2F%2Flocalhost%3A9005&scope=read%3Auser%20repo%20public_repo
[info] 
[info] Waiting for authentication...
[debug] [2024-12-07T17:17:58.087Z] >>> [apiv2][query] POST https://github.com/login/oauth/access_token [none]
[debug] [2024-12-07T17:17:58.087Z] >>> [apiv2][body] POST https://github.com/login/oauth/access_token [stream]
[debug] [2024-12-07T17:17:58.340Z] <<< [apiv2][status] POST https://github.com/login/oauth/access_token 200
[debug] [2024-12-07T17:17:58.340Z] <<< [apiv2][body] POST https://github.com/login/oauth/access_token {"access_token":"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","token_type":"bearer","scope":"read:user,repo"}
[debug] [2024-12-07T17:17:58.346Z] >>> [apiv2][query] GET https://api.github.com/user [none]
[debug] [2024-12-07T17:17:58.612Z] <<< [apiv2][status] GET https://api.github.com/user 200
[debug] [2024-12-07T17:17:58.612Z] <<< [apiv2][body] GET https://api.github.com/user {"login":"DUB55","id":181062147,"node_id":"U_kgDOCsrKAw","avatar_url":"https://avatars.githubusercontent.com/u/181062147?v=4","gravatar_id":"","url":"https://api.github.com/users/DUB55","html_url":"https://github.com/DUB55","followers_url":"https://api.github.com/users/DUB55/followers","following_url":"https://api.github.com/users/DUB55/following{/other_user}","gists_url":"https://api.github.com/users/DUB55/gists{/gist_id}","starred_url":"https://api.github.com/users/DUB55/starred{/owner}{/repo}","subscriptions_url":"https://api.github.com/users/DUB55/subscriptions","organizations_url":"https://api.github.com/users/DUB55/orgs","repos_url":"https://api.github.com/users/DUB55/repos","events_url":"https://api.github.com/users/DUB55/events{/privacy}","received_events_url":"https://api.github.com/users/DUB55/received_events","type":"User","user_view_type":"private","site_admin":false,"name":null,"company":null,"blog":"","location":null,"email":null,"hireable":null,"bio":null,"twitter_username":null,"notification_email":null,"public_repos":4,"public_gists":0,"followers":0,"following":0,"created_at":"2024-09-10T06:30:10Z","updated_at":"2024-12-05T12:51:58Z","private_gists":0,"total_private_repos":6,"owned_private_repos":6,"disk_usage":89914,"collaborators":0,"two_factor_authentication":false,"plan":{"name":"free","space":976562499,"collaborators":0,"private_repos":10000}}
[info] 
[info] +  Success! Logged into GitHub as DUB55 
[info] 
